C:\USERS\MATT\DOCUMENTS\VISUAL STUDIO 2012\PROJECTS\HOUGHTRANSFORM\HOUGHTRANSFORM\DEBUG\HOU.OBJ
C:\USERS\MATT\DOCUMENTS\VISUAL STUDIO 2012\PROJECTS\HOUGHTRANSFORM\HOUGHTRANSFORM\DEBUG\MAIN.OBJ
C:\USERS\MATT\DOCUMENTS\VISUAL STUDIO 2012\PROJECTS\HOUGHTRANSFORM\HOUGHTRANSFORM\DEBUG\STDAFX.OBJ
C:\USERS\MATT\DOCUMENTS\VISUAL STUDIO 2012\PROJECTS\HOUGHTRANSFORM\HOUGHTRANSFORM\DEBUG\VC110.PDB
C:\USERS\MATT\DOCUMENTS\VISUAL STUDIO 2012\PROJECTS\HOUGHTRANSFORM\DEBUG\HOUGHTRANSFORM.ILK
C:\USERS\MATT\DOCUMENTS\VISUAL STUDIO 2012\PROJECTS\HOUGHTRANSFORM\DEBUG\HOUGHTRANSFORM.EXE
C:\USERS\MATT\DOCUMENTS\VISUAL STUDIO 2012\PROJECTS\HOUGHTRANSFORM\DEBUG\HOUGHTRANSFORM.PDB
C:\Users\Matt\documents\visual studio 2012\Projects\HoughTransform\HoughTransform\Debug\Hou.obj
C:\Users\Matt\documents\visual studio 2012\Projects\HoughTransform\HoughTransform\Debug\main.obj
C:\Users\Matt\documents\visual studio 2012\Projects\HoughTransform\HoughTransform\Debug\stdafx.obj
C:\Users\Matt\documents\visual studio 2012\Projects\HoughTransform\HoughTransform\Debug\cl.command.1.tlog
C:\Users\Matt\documents\visual studio 2012\Projects\HoughTransform\HoughTransform\Debug\CL.read.1.tlog
C:\Users\Matt\documents\visual studio 2012\Projects\HoughTransform\HoughTransform\Debug\CL.write.1.tlog
C:\Users\Matt\documents\visual studio 2012\Projects\HoughTransform\HoughTransform\Debug\link-cvtres.read.1.tlog
C:\Users\Matt\documents\visual studio 2012\Projects\HoughTransform\HoughTransform\Debug\link-cvtres.write.1.tlog
C:\Users\Matt\documents\visual studio 2012\Projects\HoughTransform\HoughTransform\Debug\link-rc.read.1.tlog
C:\Users\Matt\documents\visual studio 2012\Projects\HoughTransform\HoughTransform\Debug\link-rc.write.1.tlog
C:\Users\Matt\documents\visual studio 2012\Projects\HoughTransform\HoughTransform\Debug\link.command.1.tlog
C:\Users\Matt\documents\visual studio 2012\Projects\HoughTransform\HoughTransform\Debug\link.read.1.tlog
C:\Users\Matt\documents\visual studio 2012\Projects\HoughTransform\HoughTransform\Debug\link.write.1.tlog
C:\Users\Matt\documents\visual studio 2012\Projects\HoughTransform\HoughTransform\Debug\vc110.idb
C:\Users\Matt\documents\visual studio 2012\Projects\HoughTransform\HoughTransform\Debug\vc110.pdb
C:\Users\Matt\documents\visual studio 2012\Projects\HoughTransform\Debug\HoughTransform.pdb
C:\Users\Matt\documents\visual studio 2012\Projects\HoughTransform\Debug\HoughTransform.exe
C:\Users\Matt\documents\visual studio 2012\Projects\HoughTransform\Debug\HoughTransform.ilk
